<?xml version="1.0" encoding="UTF-8"?>
<testng-results ignored="0" total="1" passed="1" failed="0" skipped="0">
  <reporter-output>
  </reporter-output>
  <suite started-at="2022-09-19T08:18:25Z" name="Default suite" finished-at="2022-09-19T08:18:29Z" duration-ms="3857">
    <groups>
    </groups>
    <test started-at="2022-09-19T08:18:25Z" name="Default test" finished-at="2022-09-19T08:18:29Z" duration-ms="3857">
      <class name="prueba.NewTestSel">
        <test-method signature="testsel()[pri:0, instance:prueba.NewTestSel@609db546]" started-at="2022-09-19T03:18:25Z" name="testsel" finished-at="2022-09-19T03:18:29Z" duration-ms="3838" status="PASS">
          <reporter-output>
          </reporter-output>
        </test-method> <!-- testsel -->
      </class> <!-- prueba.NewTestSel -->
    </test> <!-- Default test -->
  </suite> <!-- Default suite -->
</testng-results>
